{"contracts\\RoleManager.sol":{"l":{"38":123,"39":123,"40":123,"41":123,"43":123,"44":123,"45":123,"47":123,"49":123,"55":10,"59":7,"68":54,"72":51,"82":33,"84":33,"86":33,"88":33,"89":38,"91":33,"99":29,"104":28,"106":28,"107":28,"111":6,"115":57,"119":9,"123":7,"124":30,"125":3,"129":4,"134":3,"135":11,"136":1,"139":2,"142":2,"143":1,"145":2,"150":4,"155":3,"156":14,"157":2,"158":2,"161":2,"162":2,"164":2,"165":2,"168":1,"172":220,"173":5,"178":215,"187":217,"196":18,"197":4,"202":16},"path":"C:\\Users\\danyr\\Desktop\\xMusic\\contracts\\smart-contracts\\contracts\\RoleManager.sol","s":{"1":123,"2":123,"3":123,"4":123,"5":123,"6":123,"7":123,"8":123,"9":123,"10":10,"11":54,"12":33,"13":33,"14":33,"15":33,"16":38,"17":33,"18":29,"19":28,"20":28,"21":28,"22":6,"23":57,"24":9,"25":7,"26":30,"27":3,"28":4,"29":3,"30":11,"31":1,"32":2,"33":2,"34":1,"35":2,"36":4,"37":3,"38":14,"39":2,"40":2,"41":2,"42":2,"43":2,"44":2,"45":1,"46":220,"47":5,"48":215,"49":217,"50":18,"51":4,"52":16},"b":{"1":[7,3],"2":[51,3],"3":[28,1],"4":[3,27],"5":[1,10],"6":[3,1],"7":[2,12],"8":[5,215],"9":[3,2],"10":[214,1],"11":[4,14],"12":[2,2]},"f":{"1":123,"2":10,"3":54,"4":33,"5":29,"6":6,"7":57,"8":9,"9":7,"10":3,"11":4,"12":220,"13":18},"fnMap":{"1":{"name":"constructor","line":31,"loc":{"start":{"line":30,"column":4},"end":{"line":50,"column":4}}},"2":{"name":"onlyAdmin","line":54,"loc":{"start":{"line":54,"column":4},"end":{"line":60,"column":4}}},"3":{"name":"onlyAdminAndSystem","line":67,"loc":{"start":{"line":67,"column":4},"end":{"line":73,"column":4}}},"4":{"name":"getAccountsByRole","line":79,"loc":{"start":{"line":76,"column":4},"end":{"line":92,"column":4}}},"5":{"name":"registerAsRoleObserver","line":98,"loc":{"start":{"line":98,"column":4},"end":{"line":108,"column":4}}},"6":{"name":"isSystem","line":110,"loc":{"start":{"line":110,"column":4},"end":{"line":112,"column":4}}},"7":{"name":"isAdmin","line":114,"loc":{"start":{"line":114,"column":4},"end":{"line":116,"column":4}}},"8":{"name":"isActive","line":118,"loc":{"start":{"line":118,"column":4},"end":{"line":120,"column":4}}},"9":{"name":"isRole","line":122,"loc":{"start":{"line":122,"column":4},"end":{"line":130,"column":4}}},"10":{"name":"addRole","line":133,"loc":{"start":{"line":133,"column":4},"end":{"line":146,"column":4}}},"11":{"name":"deleteRole","line":149,"loc":{"start":{"line":149,"column":4},"end":{"line":169,"column":4}}},"12":{"name":"grantRole","line":171,"loc":{"start":{"line":171,"column":4},"end":{"line":188,"column":4}}},"13":{"name":"revokeRole","line":194,"loc":{"start":{"line":190,"column":4},"end":{"line":203,"column":4}}}},"statementMap":{"1":{"start":{"line":38,"column":8},"end":{"line":38,"column":48}},"2":{"start":{"line":39,"column":8},"end":{"line":39,"column":46}},"3":{"start":{"line":40,"column":8},"end":{"line":40,"column":45}},"4":{"start":{"line":41,"column":8},"end":{"line":41,"column":46}},"5":{"start":{"line":43,"column":8},"end":{"line":43,"column":36}},"6":{"start":{"line":44,"column":8},"end":{"line":44,"column":36}},"7":{"start":{"line":45,"column":8},"end":{"line":45,"column":36}},"8":{"start":{"line":47,"column":8},"end":{"line":47,"column":31}},"9":{"start":{"line":49,"column":8},"end":{"line":49,"column":40}},"10":{"start":{"line":55,"column":8},"end":{"line":55,"column":1928}},"11":{"start":{"line":68,"column":8},"end":{"line":68,"column":2253}},"12":{"start":{"line":82,"column":8},"end":{"line":82,"column":51}},"13":{"start":{"line":84,"column":8},"end":{"line":84,"column":54}},"14":{"start":{"line":86,"column":8},"end":{"line":86,"column":56}},"15":{"start":{"line":88,"column":8},"end":{"line":88,"column":2933}},"16":{"start":{"line":89,"column":12},"end":{"line":89,"column":55}},"17":{"start":{"line":91,"column":8},"end":{"line":91,"column":23}},"18":{"start":{"line":99,"column":8},"end":{"line":99,"column":3360}},"19":{"start":{"line":104,"column":8},"end":{"line":104,"column":42}},"20":{"start":{"line":106,"column":8},"end":{"line":106,"column":39}},"21":{"start":{"line":107,"column":8},"end":{"line":107,"column":60}},"22":{"start":{"line":111,"column":8},"end":{"line":111,"column":39}},"23":{"start":{"line":115,"column":8},"end":{"line":115,"column":38}},"24":{"start":{"line":119,"column":8},"end":{"line":119,"column":39}},"25":{"start":{"line":123,"column":8},"end":{"line":123,"column":4087}},"26":{"start":{"line":124,"column":12},"end":{"line":124,"column":4157}},"27":{"start":{"line":125,"column":16},"end":{"line":125,"column":27}},"28":{"start":{"line":129,"column":8},"end":{"line":129,"column":20}},"29":{"start":{"line":134,"column":8},"end":{"line":134,"column":4444}},"30":{"start":{"line":135,"column":12},"end":{"line":135,"column":4514}},"31":{"start":{"line":136,"column":16},"end":{"line":136,"column":65}},"32":{"start":{"line":139,"column":8},"end":{"line":139,"column":60}},"33":{"start":{"line":142,"column":8},"end":{"line":142,"column":4849}},"34":{"start":{"line":143,"column":12},"end":{"line":143,"column":52}},"35":{"start":{"line":145,"column":8},"end":{"line":145,"column":30}},"36":{"start":{"line":150,"column":8},"end":{"line":150,"column":5092}},"37":{"start":{"line":155,"column":8},"end":{"line":155,"column":5309}},"38":{"start":{"line":156,"column":12},"end":{"line":156,"column":5379}},"39":{"start":{"line":157,"column":16},"end":{"line":157,"column":73}},"40":{"start":{"line":158,"column":16},"end":{"line":158,"column":34}},"41":{"start":{"line":161,"column":16},"end":{"line":161,"column":5696}},"42":{"start":{"line":162,"column":20},"end":{"line":162,"column":62}},"43":{"start":{"line":164,"column":16},"end":{"line":164,"column":38}},"44":{"start":{"line":165,"column":16},"end":{"line":165,"column":22}},"45":{"start":{"line":168,"column":8},"end":{"line":168,"column":62}},"46":{"start":{"line":172,"column":8},"end":{"line":172,"column":6014}},"47":{"start":{"line":173,"column":12},"end":{"line":173,"column":6052}},"48":{"start":{"line":178,"column":12},"end":{"line":178,"column":6219}},"49":{"start":{"line":187,"column":8},"end":{"line":187,"column":32}},"50":{"start":{"line":196,"column":8},"end":{"line":196,"column":6765}},"51":{"start":{"line":197,"column":12},"end":{"line":197,"column":6803}},"52":{"start":{"line":202,"column":8},"end":{"line":202,"column":33}}},"branchMap":{"1":{"line":55,"type":"if","locations":[{"start":{"line":55,"column":8},"end":{"line":55,"column":8}},{"start":{"line":55,"column":8},"end":{"line":55,"column":8}}]},"2":{"line":68,"type":"if","locations":[{"start":{"line":68,"column":8},"end":{"line":68,"column":8}},{"start":{"line":68,"column":8},"end":{"line":68,"column":8}}]},"3":{"line":99,"type":"if","locations":[{"start":{"line":99,"column":8},"end":{"line":99,"column":8}},{"start":{"line":99,"column":8},"end":{"line":99,"column":8}}]},"4":{"line":124,"type":"if","locations":[{"start":{"line":124,"column":12},"end":{"line":124,"column":12}},{"start":{"line":124,"column":12},"end":{"line":124,"column":12}}]},"5":{"line":135,"type":"if","locations":[{"start":{"line":135,"column":12},"end":{"line":135,"column":12}},{"start":{"line":135,"column":12},"end":{"line":135,"column":12}}]},"6":{"line":150,"type":"if","locations":[{"start":{"line":150,"column":8},"end":{"line":150,"column":8}},{"start":{"line":150,"column":8},"end":{"line":150,"column":8}}]},"7":{"line":156,"type":"if","locations":[{"start":{"line":156,"column":12},"end":{"line":156,"column":12}},{"start":{"line":156,"column":12},"end":{"line":156,"column":12}}]},"8":{"line":172,"type":"if","locations":[{"start":{"line":172,"column":8},"end":{"line":172,"column":8}},{"start":{"line":172,"column":8},"end":{"line":172,"column":8}}]},"9":{"line":173,"type":"if","locations":[{"start":{"line":173,"column":12},"end":{"line":173,"column":12}},{"start":{"line":173,"column":12},"end":{"line":173,"column":12}}]},"10":{"line":178,"type":"if","locations":[{"start":{"line":178,"column":12},"end":{"line":178,"column":12}},{"start":{"line":178,"column":12},"end":{"line":178,"column":12}}]},"11":{"line":196,"type":"if","locations":[{"start":{"line":196,"column":8},"end":{"line":196,"column":8}},{"start":{"line":196,"column":8},"end":{"line":196,"column":8}}]},"12":{"line":197,"type":"if","locations":[{"start":{"line":197,"column":12},"end":{"line":197,"column":12}},{"start":{"line":197,"column":12},"end":{"line":197,"column":12}}]}}},"contracts\\RoleObserver.sol":{"l":{"23":32,"24":31,"28":46,"29":42,"33":27,"34":25,"41":2,"42":1,"43":1,"44":1,"48":1,"56":2,"57":10,"58":2,"59":2,"60":2,"69":28,"70":113},"path":"C:\\Users\\danyr\\Desktop\\xMusic\\contracts\\smart-contracts\\contracts\\RoleObserver.sol","s":{"1":32,"2":46,"3":27,"4":2,"5":1,"6":1,"7":1,"8":1,"9":2,"10":10,"11":2,"12":2,"13":2,"14":28,"15":113},"b":{"1":[31,1],"2":[42,4],"3":[25,2],"4":[1,1],"5":[2,8]},"f":{"1":32,"2":46,"3":27,"4":2,"5":1,"6":2,"7":28},"fnMap":{"1":{"name":"onlyRoleManager","line":22,"loc":{"start":{"line":22,"column":4},"end":{"line":25,"column":4}}},"2":{"name":"onlyAdmin","line":27,"loc":{"start":{"line":27,"column":4},"end":{"line":30,"column":4}}},"3":{"name":"onlyOnce","line":32,"loc":{"start":{"line":32,"column":4},"end":{"line":35,"column":4}}},"4":{"name":"addNewRoleManager","line":39,"loc":{"start":{"line":37,"column":4},"end":{"line":45,"column":4}}},"5":{"name":"addRole","line":47,"loc":{"start":{"line":47,"column":4},"end":{"line":49,"column":4}}},"6":{"name":"deleteRole","line":54,"loc":{"start":{"line":51,"column":4},"end":{"line":63,"column":4}}},"7":{"name":"setRoles","line":67,"loc":{"start":{"line":65,"column":4},"end":{"line":71,"column":4}}}},"statementMap":{"1":{"start":{"line":23,"column":8},"end":{"line":23,"column":48}},"2":{"start":{"line":28,"column":8},"end":{"line":28,"column":47}},"3":{"start":{"line":33,"column":8},"end":{"line":33,"column":38}},"4":{"start":{"line":41,"column":8},"end":{"line":41,"column":51}},"5":{"start":{"line":42,"column":8},"end":{"line":42,"column":49}},"6":{"start":{"line":43,"column":8},"end":{"line":43,"column":55}},"7":{"start":{"line":44,"column":8},"end":{"line":44,"column":56}},"8":{"start":{"line":48,"column":8},"end":{"line":48,"column":64}},"9":{"start":{"line":56,"column":8},"end":{"line":56,"column":1495}},"10":{"start":{"line":57,"column":12},"end":{"line":57,"column":1565}},"11":{"start":{"line":58,"column":16},"end":{"line":58,"column":73}},"12":{"start":{"line":59,"column":16},"end":{"line":59,"column":34}},"13":{"start":{"line":60,"column":16},"end":{"line":60,"column":22}},"14":{"start":{"line":69,"column":8},"end":{"line":69,"column":2008}},"15":{"start":{"line":70,"column":12},"end":{"line":70,"column":49}}},"branchMap":{"1":{"line":23,"type":"if","locations":[{"start":{"line":23,"column":8},"end":{"line":23,"column":8}},{"start":{"line":23,"column":8},"end":{"line":23,"column":8}}]},"2":{"line":28,"type":"if","locations":[{"start":{"line":28,"column":8},"end":{"line":28,"column":8}},{"start":{"line":28,"column":8},"end":{"line":28,"column":8}}]},"3":{"line":33,"type":"if","locations":[{"start":{"line":33,"column":8},"end":{"line":33,"column":8}},{"start":{"line":33,"column":8},"end":{"line":33,"column":8}}]},"4":{"line":41,"type":"if","locations":[{"start":{"line":41,"column":8},"end":{"line":41,"column":8}},{"start":{"line":41,"column":8},"end":{"line":41,"column":8}}]},"5":{"line":57,"type":"if","locations":[{"start":{"line":57,"column":12},"end":{"line":57,"column":12}},{"start":{"line":57,"column":12},"end":{"line":57,"column":12}}]}}},"contracts\\RoyaltiesManager.sol":{"l":{"9":3,"10":3,"11":3,"12":3,"20":1,"23":1,"31":0,"35":0,"36":0,"39":0,"45":0,"46":0,"52":0,"58":0,"63":0,"64":0,"65":0,"67":0},"path":"C:\\Users\\danyr\\Desktop\\xMusic\\contracts\\smart-contracts\\contracts\\RoyaltiesManager.sol","s":{"1":3,"2":3,"3":3,"4":3,"5":1,"6":1,"7":0,"8":0,"9":0,"10":0,"11":0,"12":0,"13":0,"14":0,"15":0,"16":0,"17":0,"18":0},"b":{"1":[3,0],"2":[0,0],"3":[0,0],"4":[0,0]},"f":{"1":3,"2":1,"3":0},"fnMap":{"1":{"name":"constructor","line":8,"loc":{"start":{"line":8,"column":4},"end":{"line":13,"column":4}}},"2":{"name":"initialize","line":15,"loc":{"start":{"line":15,"column":4},"end":{"line":24,"column":4}}},"3":{"name":"distributeRoyalties","line":30,"loc":{"start":{"line":26,"column":4},"end":{"line":69,"column":4}}}},"statementMap":{"1":{"start":{"line":9,"column":8},"end":{"line":9,"column":55}},"2":{"start":{"line":10,"column":8},"end":{"line":10,"column":53}},"3":{"start":{"line":11,"column":8},"end":{"line":11,"column":59}},"4":{"start":{"line":12,"column":8},"end":{"line":12,"column":28}},"5":{"start":{"line":20,"column":8},"end":{"line":20,"column":56}},"6":{"start":{"line":23,"column":8},"end":{"line":23,"column":28}},"7":{"start":{"line":31,"column":8},"end":{"line":31,"column":1143}},"8":{"start":{"line":35,"column":8},"end":{"line":35,"column":57}},"9":{"start":{"line":36,"column":8},"end":{"line":36,"column":34}},"10":{"start":{"line":39,"column":8},"end":{"line":39,"column":1409}},"11":{"start":{"line":45,"column":8},"end":{"line":45,"column":1582}},"12":{"start":{"line":46,"column":12},"end":{"line":46,"column":1645}},"13":{"start":{"line":52,"column":12},"end":{"line":52,"column":1928}},"14":{"start":{"line":58,"column":8},"end":{"line":58,"column":2086}},"15":{"start":{"line":63,"column":8},"end":{"line":63,"column":2261}},"16":{"start":{"line":64,"column":12},"end":{"line":64,"column":74}},"17":{"start":{"line":65,"column":12},"end":{"line":65,"column":56}},"18":{"start":{"line":67,"column":12},"end":{"line":67,"column":65}}},"branchMap":{"1":{"line":9,"type":"if","locations":[{"start":{"line":9,"column":8},"end":{"line":9,"column":8}},{"start":{"line":9,"column":8},"end":{"line":9,"column":8}}]},"2":{"line":39,"type":"if","locations":[{"start":{"line":39,"column":8},"end":{"line":39,"column":8}},{"start":{"line":39,"column":8},"end":{"line":39,"column":8}}]},"3":{"line":46,"type":"if","locations":[{"start":{"line":46,"column":12},"end":{"line":46,"column":12}},{"start":{"line":46,"column":12},"end":{"line":46,"column":12}}]},"4":{"line":58,"type":"if","locations":[{"start":{"line":58,"column":8},"end":{"line":58,"column":8}},{"start":{"line":58,"column":8},"end":{"line":58,"column":8}}]}}},"contracts\\TokenFactory.sol":{"l":{"13":7,"14":6,"15":6,"19":3,"20":2,"32":2,"38":2,"47":2},"path":"C:\\Users\\danyr\\Desktop\\xMusic\\contracts\\smart-contracts\\contracts\\TokenFactory.sol","s":{"1":7,"2":6,"3":6,"4":3,"5":2,"6":2,"7":2},"b":{"1":[6,1],"2":[2,1]},"f":{"1":7,"2":3,"3":2},"fnMap":{"1":{"name":"constructor","line":12,"loc":{"start":{"line":12,"column":4},"end":{"line":16,"column":4}}},"2":{"name":"onlyAdmin","line":18,"loc":{"start":{"line":18,"column":4},"end":{"line":21,"column":4}}},"3":{"name":"mintShares","line":31,"loc":{"start":{"line":23,"column":4},"end":{"line":52,"column":4}}}},"statementMap":{"1":{"start":{"line":13,"column":8},"end":{"line":13,"column":55}},"2":{"start":{"line":14,"column":8},"end":{"line":14,"column":53}},"3":{"start":{"line":15,"column":8},"end":{"line":15,"column":59}},"4":{"start":{"line":19,"column":8},"end":{"line":19,"column":47}},"5":{"start":{"line":32,"column":8},"end":{"line":32,"column":964}},"6":{"start":{"line":38,"column":8},"end":{"line":38,"column":1123}},"7":{"start":{"line":47,"column":8},"end":{"line":47,"column":1359}}},"branchMap":{"1":{"line":13,"type":"if","locations":[{"start":{"line":13,"column":8},"end":{"line":13,"column":8}},{"start":{"line":13,"column":8},"end":{"line":13,"column":8}}]},"2":{"line":19,"type":"if","locations":[{"start":{"line":19,"column":8},"end":{"line":19,"column":8}},{"start":{"line":19,"column":8},"end":{"line":19,"column":8}}]}}},"contracts\\TokenShop.sol":{"l":{"11":0,"16":0,"22":0,"26":0,"35":0,"45":0},"path":"C:\\Users\\danyr\\Desktop\\xMusic\\contracts\\smart-contracts\\contracts\\TokenShop.sol","s":{"1":0,"2":0,"3":0,"4":0,"5":0,"6":0},"b":{"1":[0,0],"2":[0,0],"3":[0,0]},"f":{"1":0},"fnMap":{"1":{"name":"buyTokens","line":7,"loc":{"start":{"line":7,"column":4},"end":{"line":46,"column":4}}}},"statementMap":{"1":{"start":{"line":11,"column":8},"end":{"line":11,"column":291}},"2":{"start":{"line":16,"column":8},"end":{"line":16,"column":483}},"3":{"start":{"line":22,"column":8},"end":{"line":22,"column":692}},"4":{"start":{"line":26,"column":8},"end":{"line":26,"column":796}},"5":{"start":{"line":35,"column":8},"end":{"line":35,"column":1175}},"6":{"start":{"line":45,"column":8},"end":{"line":45,"column":68}}},"branchMap":{"1":{"line":16,"type":"if","locations":[{"start":{"line":16,"column":8},"end":{"line":16,"column":8}},{"start":{"line":16,"column":8},"end":{"line":16,"column":8}}]},"2":{"line":26,"type":"if","locations":[{"start":{"line":26,"column":8},"end":{"line":26,"column":8}},{"start":{"line":26,"column":8},"end":{"line":26,"column":8}}]},"3":{"line":35,"type":"if","locations":[{"start":{"line":35,"column":8},"end":{"line":35,"column":8}},{"start":{"line":35,"column":8},"end":{"line":35,"column":8}}]}}},"contracts\\UserManager.sol":{"l":{"34":85,"38":84,"39":84,"40":84,"48":24,"50":24,"53":24,"54":24,"55":24,"56":24,"60":24,"68":9,"78":23,"86":22,"87":31,"88":54,"101":21,"102":29,"103":50,"115":20,"116":28,"123":18,"125":18,"126":23,"128":23,"129":23,"131":23,"134":18,"136":18,"146":6,"154":5,"155":7,"156":12,"169":4,"170":5,"171":8,"183":3,"184":4,"191":2,"192":2,"194":2,"195":3,"196":4,"200":2,"204":3,"205":1,"207":3,"211":2,"212":2,"213":2,"214":3,"215":4,"219":2,"222":3,"223":1,"225":3,"228":2,"229":1,"232":2,"233":1,"237":2,"238":2,"239":3,"244":7,"248":6,"249":6,"250":6,"252":6,"256":4,"260":3,"261":3,"262":3,"264":3,"272":3,"283":2,"285":2,"287":2,"289":2,"290":5,"294":3,"297":2,"298":2},"path":"C:\\Users\\danyr\\Desktop\\xMusic\\contracts\\smart-contracts\\contracts\\UserManager.sol","s":{"1":85,"2":84,"3":84,"4":84,"5":24,"6":24,"7":24,"8":24,"9":24,"10":24,"11":24,"12":9,"13":23,"14":22,"15":31,"16":54,"17":21,"18":29,"19":50,"20":20,"21":28,"22":18,"23":18,"24":23,"25":23,"26":23,"27":23,"28":18,"29":18,"30":6,"31":5,"32":7,"33":12,"34":4,"35":5,"36":8,"37":3,"38":4,"39":2,"40":2,"41":3,"42":4,"43":2,"44":3,"45":1,"46":3,"47":2,"48":2,"49":3,"50":4,"51":2,"52":3,"53":1,"54":3,"55":2,"56":1,"57":2,"58":1,"59":2,"60":3,"61":7,"62":6,"63":6,"64":6,"65":6,"66":4,"67":3,"68":3,"69":3,"70":3,"71":3,"72":2,"73":2,"74":2,"75":5,"76":3,"77":2,"78":2},"b":{"1":[84,1],"2":[22,1],"3":[53,1],"4":[49,1],"5":[26,2],"6":[5,1],"7":[11,1],"8":[7,1],"9":[3,1],"10":[2,2],"11":[1,2],"12":[2,2],"13":[1,2],"14":[6,1],"15":[3,1],"16":[3,2]},"f":{"1":85,"2":24,"3":9,"4":23,"5":6,"6":7,"7":4,"8":3},"fnMap":{"1":{"name":"constructor","line":33,"loc":{"start":{"line":33,"column":4},"end":{"line":41,"column":4}}},"2":{"name":"initialize","line":43,"loc":{"start":{"line":43,"column":4},"end":{"line":61,"column":4}}},"3":{"name":"getRoles","line":67,"loc":{"start":{"line":67,"column":4},"end":{"line":69,"column":4}}},"4":{"name":"addUser","line":76,"loc":{"start":{"line":74,"column":4},"end":{"line":137,"column":4}}},"5":{"name":"updateUser","line":144,"loc":{"start":{"line":142,"column":4},"end":{"line":241,"column":4}}},"6":{"name":"banUser","line":243,"loc":{"start":{"line":243,"column":4},"end":{"line":253,"column":4}}},"7":{"name":"unbanUser","line":255,"loc":{"start":{"line":255,"column":4},"end":{"line":265,"column":4}}},"8":{"name":"deleteRole","line":271,"loc":{"start":{"line":271,"column":4},"end":{"line":300,"column":4}}}},"statementMap":{"1":{"start":{"line":34,"column":8},"end":{"line":34,"column":1215}},"2":{"start":{"line":38,"column":8},"end":{"line":38,"column":53}},"3":{"start":{"line":39,"column":8},"end":{"line":39,"column":59}},"4":{"start":{"line":40,"column":8},"end":{"line":40,"column":28}},"5":{"start":{"line":48,"column":8},"end":{"line":48,"column":56}},"6":{"start":{"line":50,"column":8},"end":{"line":50,"column":72}},"7":{"start":{"line":53,"column":8},"end":{"line":53,"column":1967}},"8":{"start":{"line":54,"column":12},"end":{"line":54,"column":50}},"9":{"start":{"line":55,"column":12},"end":{"line":55,"column":56}},"10":{"start":{"line":56,"column":12},"end":{"line":56,"column":51}},"11":{"start":{"line":60,"column":8},"end":{"line":60,"column":28}},"12":{"start":{"line":68,"column":8},"end":{"line":68,"column":38}},"13":{"start":{"line":78,"column":8},"end":{"line":78,"column":2882}},"14":{"start":{"line":86,"column":8},"end":{"line":86,"column":3191}},"15":{"start":{"line":87,"column":12},"end":{"line":87,"column":3257}},"16":{"start":{"line":88,"column":16},"end":{"line":88,"column":3327}},"17":{"start":{"line":101,"column":8},"end":{"line":101,"column":3874}},"18":{"start":{"line":102,"column":12},"end":{"line":102,"column":3940}},"19":{"start":{"line":103,"column":16},"end":{"line":103,"column":4010}},"20":{"start":{"line":115,"column":8},"end":{"line":115,"column":4466}},"21":{"start":{"line":116,"column":12},"end":{"line":116,"column":4532}},"22":{"start":{"line":123,"column":8},"end":{"line":123,"column":48}},"23":{"start":{"line":125,"column":8},"end":{"line":125,"column":4810}},"24":{"start":{"line":126,"column":12},"end":{"line":126,"column":76}},"25":{"start":{"line":128,"column":12},"end":{"line":128,"column":56}},"26":{"start":{"line":129,"column":12},"end":{"line":129,"column":57}},"27":{"start":{"line":131,"column":12},"end":{"line":131,"column":54}},"28":{"start":{"line":134,"column":8},"end":{"line":134,"column":38}},"29":{"start":{"line":136,"column":8},"end":{"line":136,"column":14}},"30":{"start":{"line":146,"column":8},"end":{"line":146,"column":5414}},"31":{"start":{"line":154,"column":8},"end":{"line":154,"column":5739}},"32":{"start":{"line":155,"column":12},"end":{"line":155,"column":5804}},"33":{"start":{"line":156,"column":16},"end":{"line":156,"column":5873}},"34":{"start":{"line":169,"column":8},"end":{"line":169,"column":6418}},"35":{"start":{"line":170,"column":12},"end":{"line":170,"column":6483}},"36":{"start":{"line":171,"column":16},"end":{"line":171,"column":6552}},"37":{"start":{"line":183,"column":8},"end":{"line":183,"column":7006}},"38":{"start":{"line":184,"column":12},"end":{"line":184,"column":7071}},"39":{"start":{"line":192,"column":8},"end":{"line":192,"column":17}},"40":{"start":{"line":194,"column":8},"end":{"line":194,"column":7427}},"41":{"start":{"line":195,"column":12},"end":{"line":195,"column":7492}},"42":{"start":{"line":196,"column":16},"end":{"line":196,"column":7573}},"43":{"start":{"line":200,"column":20},"end":{"line":200,"column":30}},"44":{"start":{"line":204,"column":12},"end":{"line":204,"column":7917}},"45":{"start":{"line":205,"column":16},"end":{"line":205,"column":40}},"46":{"start":{"line":207,"column":12},"end":{"line":207,"column":23}},"47":{"start":{"line":212,"column":8},"end":{"line":212,"column":19}},"48":{"start":{"line":213,"column":8},"end":{"line":213,"column":8198}},"49":{"start":{"line":214,"column":12},"end":{"line":214,"column":8275}},"50":{"start":{"line":215,"column":16},"end":{"line":215,"column":8344}},"51":{"start":{"line":219,"column":20},"end":{"line":219,"column":30}},"52":{"start":{"line":222,"column":12},"end":{"line":222,"column":8564}},"53":{"start":{"line":223,"column":16},"end":{"line":223,"column":53}},"54":{"start":{"line":225,"column":12},"end":{"line":225,"column":23}},"55":{"start":{"line":228,"column":8},"end":{"line":228,"column":8702}},"56":{"start":{"line":229,"column":12},"end":{"line":229,"column":70}},"57":{"start":{"line":232,"column":8},"end":{"line":232,"column":8846}},"58":{"start":{"line":233,"column":12},"end":{"line":233,"column":68}},"59":{"start":{"line":238,"column":8},"end":{"line":238,"column":9082}},"60":{"start":{"line":239,"column":12},"end":{"line":239,"column":49}},"61":{"start":{"line":244,"column":8},"end":{"line":244,"column":9276}},"62":{"start":{"line":248,"column":8},"end":{"line":248,"column":50}},"63":{"start":{"line":249,"column":8},"end":{"line":249,"column":52}},"64":{"start":{"line":250,"column":8},"end":{"line":250,"column":57}},"65":{"start":{"line":252,"column":8},"end":{"line":252,"column":36}},"66":{"start":{"line":256,"column":8},"end":{"line":256,"column":9704}},"67":{"start":{"line":260,"column":8},"end":{"line":260,"column":53}},"68":{"start":{"line":261,"column":8},"end":{"line":261,"column":49}},"69":{"start":{"line":262,"column":8},"end":{"line":262,"column":54}},"70":{"start":{"line":264,"column":8},"end":{"line":264,"column":38}},"71":{"start":{"line":272,"column":8},"end":{"line":272,"column":33}},"72":{"start":{"line":283,"column":8},"end":{"line":283,"column":72}},"73":{"start":{"line":285,"column":8},"end":{"line":285,"column":11105}},"74":{"start":{"line":289,"column":12},"end":{"line":289,"column":11295}},"75":{"start":{"line":290,"column":16},"end":{"line":290,"column":11380}},"76":{"start":{"line":294,"column":20},"end":{"line":294,"column":63}},"77":{"start":{"line":297,"column":12},"end":{"line":297,"column":71}},"78":{"start":{"line":298,"column":12},"end":{"line":298,"column":48}}},"branchMap":{"1":{"line":34,"type":"if","locations":[{"start":{"line":34,"column":8},"end":{"line":34,"column":8}},{"start":{"line":34,"column":8},"end":{"line":34,"column":8}}]},"2":{"line":78,"type":"if","locations":[{"start":{"line":78,"column":8},"end":{"line":78,"column":8}},{"start":{"line":78,"column":8},"end":{"line":78,"column":8}}]},"3":{"line":88,"type":"if","locations":[{"start":{"line":88,"column":16},"end":{"line":88,"column":16}},{"start":{"line":88,"column":16},"end":{"line":88,"column":16}}]},"4":{"line":103,"type":"if","locations":[{"start":{"line":103,"column":16},"end":{"line":103,"column":16}},{"start":{"line":103,"column":16},"end":{"line":103,"column":16}}]},"5":{"line":116,"type":"if","locations":[{"start":{"line":116,"column":12},"end":{"line":116,"column":12}},{"start":{"line":116,"column":12},"end":{"line":116,"column":12}}]},"6":{"line":146,"type":"if","locations":[{"start":{"line":146,"column":8},"end":{"line":146,"column":8}},{"start":{"line":146,"column":8},"end":{"line":146,"column":8}}]},"7":{"line":156,"type":"if","locations":[{"start":{"line":156,"column":16},"end":{"line":156,"column":16}},{"start":{"line":156,"column":16},"end":{"line":156,"column":16}}]},"8":{"line":171,"type":"if","locations":[{"start":{"line":171,"column":16},"end":{"line":171,"column":16}},{"start":{"line":171,"column":16},"end":{"line":171,"column":16}}]},"9":{"line":184,"type":"if","locations":[{"start":{"line":184,"column":12},"end":{"line":184,"column":12}},{"start":{"line":184,"column":12},"end":{"line":184,"column":12}}]},"10":{"line":196,"type":"if","locations":[{"start":{"line":196,"column":16},"end":{"line":196,"column":16}},{"start":{"line":196,"column":16},"end":{"line":196,"column":16}}]},"11":{"line":204,"type":"if","locations":[{"start":{"line":204,"column":12},"end":{"line":204,"column":12}},{"start":{"line":204,"column":12},"end":{"line":204,"column":12}}]},"12":{"line":215,"type":"if","locations":[{"start":{"line":215,"column":16},"end":{"line":215,"column":16}},{"start":{"line":215,"column":16},"end":{"line":215,"column":16}}]},"13":{"line":222,"type":"if","locations":[{"start":{"line":222,"column":12},"end":{"line":222,"column":12}},{"start":{"line":222,"column":12},"end":{"line":222,"column":12}}]},"14":{"line":244,"type":"if","locations":[{"start":{"line":244,"column":8},"end":{"line":244,"column":8}},{"start":{"line":244,"column":8},"end":{"line":244,"column":8}}]},"15":{"line":256,"type":"if","locations":[{"start":{"line":256,"column":8},"end":{"line":256,"column":8}},{"start":{"line":256,"column":8},"end":{"line":256,"column":8}}]},"16":{"line":290,"type":"if","locations":[{"start":{"line":290,"column":16},"end":{"line":290,"column":16}},{"start":{"line":290,"column":16},"end":{"line":290,"column":16}}]}}},"contracts\\utils\\ERC20SharesGenerator.sol":{"l":{"14":4,"15":3,"23":5,"31":3,"32":3,"33":3,"34":3,"45":5,"46":5},"path":"C:\\Users\\danyr\\Desktop\\xMusic\\contracts\\smart-contracts\\contracts\\utils\\ERC20SharesGenerator.sol","s":{"1":4,"2":5,"3":3,"4":3,"5":3,"6":3,"7":5,"8":5},"b":{"1":[3,1]},"f":{"1":4,"2":5,"3":3,"4":5},"fnMap":{"1":{"name":"onlyIfTokenDeposited","line":13,"loc":{"start":{"line":13,"column":4},"end":{"line":16,"column":4}}},"2":{"name":"constructor","line":22,"loc":{"start":{"line":18,"column":4},"end":{"line":24,"column":4}}},"3":{"name":"mint","line":30,"loc":{"start":{"line":26,"column":4},"end":{"line":35,"column":4}}},"4":{"name":"onERC721Received","line":39,"loc":{"start":{"line":39,"column":4},"end":{"line":47,"column":4}}}},"statementMap":{"1":{"start":{"line":14,"column":8},"end":{"line":14,"column":33}},"2":{"start":{"line":23,"column":8},"end":{"line":23,"column":21}},"3":{"start":{"line":31,"column":8},"end":{"line":31,"column":28}},"4":{"start":{"line":32,"column":8},"end":{"line":32,"column":30}},"5":{"start":{"line":33,"column":8},"end":{"line":33,"column":25}},"6":{"start":{"line":34,"column":8},"end":{"line":34,"column":46}},"7":{"start":{"line":45,"column":8},"end":{"line":45,"column":23}},"8":{"start":{"line":46,"column":8},"end":{"line":46,"column":45}}},"branchMap":{"1":{"line":14,"type":"if","locations":[{"start":{"line":14,"column":8},"end":{"line":14,"column":8}},{"start":{"line":14,"column":8},"end":{"line":14,"column":8}}]}}},"contracts\\utils\\ERC721Generator.sol":{"l":{"20":8,"21":8,"22":8,"23":8},"path":"C:\\Users\\danyr\\Desktop\\xMusic\\contracts\\smart-contracts\\contracts\\utils\\ERC721Generator.sol","s":{"1":8,"2":8,"3":8,"4":8},"b":{},"f":{"1":8},"fnMap":{"1":{"name":"constructor","line":19,"loc":{"start":{"line":12,"column":4},"end":{"line":24,"column":4}}}},"statementMap":{"1":{"start":{"line":20,"column":8},"end":{"line":20,"column":38}},"2":{"start":{"line":21,"column":8},"end":{"line":21,"column":22}},"3":{"start":{"line":22,"column":8},"end":{"line":22,"column":34}},"4":{"start":{"line":23,"column":8},"end":{"line":23,"column":25}}},"branchMap":{}}}