{"contracts\\RoleManager.sol":{"l":{"36":12,"37":12,"38":12,"39":12,"41":12,"42":12,"43":12,"45":12,"51":10,"55":7,"64":35,"68":32,"78":13,"80":13,"82":13,"84":13,"85":18,"87":13,"95":8,"100":7,"102":7,"103":7,"107":6,"111":62,"115":11,"119":7,"120":30,"121":3,"125":4,"130":3,"131":11,"132":1,"135":2,"138":2,"139":1,"141":2,"146":4,"151":3,"152":14,"153":2,"154":2,"157":2,"158":2,"160":2,"161":2,"164":1,"168":96,"169":3,"174":93,"183":93,"192":19,"193":17},"path":"C:\\Users\\danyr\\Desktop\\xMusic\\contracts\\smart-contracts\\contracts\\RoleManager.sol","s":{"1":12,"2":12,"3":12,"4":12,"5":12,"6":12,"7":12,"8":12,"9":10,"10":35,"11":13,"12":13,"13":13,"14":13,"15":18,"16":13,"17":8,"18":7,"19":7,"20":7,"21":6,"22":62,"23":11,"24":7,"25":30,"26":3,"27":4,"28":3,"29":11,"30":1,"31":2,"32":2,"33":1,"34":2,"35":4,"36":3,"37":14,"38":2,"39":2,"40":2,"41":2,"42":2,"43":2,"44":1,"45":96,"46":3,"47":93,"48":93,"49":19,"50":17},"b":{"1":[7,3],"2":[32,3],"3":[7,1],"4":[3,27],"5":[1,10],"6":[3,1],"7":[2,12],"8":[3,93],"9":[1,2],"10":[92,1],"11":[17,2]},"f":{"1":12,"2":10,"3":35,"4":13,"5":8,"6":6,"7":62,"8":11,"9":7,"10":3,"11":4,"12":96,"13":19},"fnMap":{"1":{"name":"constructor","line":29,"loc":{"start":{"line":28,"column":4},"end":{"line":46,"column":4}}},"2":{"name":"onlyAdmin","line":50,"loc":{"start":{"line":50,"column":4},"end":{"line":56,"column":4}}},"3":{"name":"onlyAdminAndSystem","line":63,"loc":{"start":{"line":63,"column":4},"end":{"line":69,"column":4}}},"4":{"name":"getAccountsByRole","line":75,"loc":{"start":{"line":72,"column":4},"end":{"line":88,"column":4}}},"5":{"name":"registerAsRoleObserver","line":94,"loc":{"start":{"line":94,"column":4},"end":{"line":104,"column":4}}},"6":{"name":"isSystem","line":106,"loc":{"start":{"line":106,"column":4},"end":{"line":108,"column":4}}},"7":{"name":"isAdmin","line":110,"loc":{"start":{"line":110,"column":4},"end":{"line":112,"column":4}}},"8":{"name":"isActive","line":114,"loc":{"start":{"line":114,"column":4},"end":{"line":116,"column":4}}},"9":{"name":"isRole","line":118,"loc":{"start":{"line":118,"column":4},"end":{"line":126,"column":4}}},"10":{"name":"addRole","line":129,"loc":{"start":{"line":129,"column":4},"end":{"line":142,"column":4}}},"11":{"name":"deleteRole","line":145,"loc":{"start":{"line":145,"column":4},"end":{"line":165,"column":4}}},"12":{"name":"grantRole","line":167,"loc":{"start":{"line":167,"column":4},"end":{"line":184,"column":4}}},"13":{"name":"revokeRole","line":190,"loc":{"start":{"line":186,"column":4},"end":{"line":194,"column":4}}}},"statementMap":{"1":{"start":{"line":36,"column":8},"end":{"line":36,"column":48}},"2":{"start":{"line":37,"column":8},"end":{"line":37,"column":46}},"3":{"start":{"line":38,"column":8},"end":{"line":38,"column":45}},"4":{"start":{"line":39,"column":8},"end":{"line":39,"column":46}},"5":{"start":{"line":41,"column":8},"end":{"line":41,"column":36}},"6":{"start":{"line":42,"column":8},"end":{"line":42,"column":36}},"7":{"start":{"line":43,"column":8},"end":{"line":43,"column":36}},"8":{"start":{"line":45,"column":8},"end":{"line":45,"column":40}},"9":{"start":{"line":51,"column":8},"end":{"line":51,"column":1909}},"10":{"start":{"line":64,"column":8},"end":{"line":64,"column":2234}},"11":{"start":{"line":78,"column":8},"end":{"line":78,"column":51}},"12":{"start":{"line":80,"column":8},"end":{"line":80,"column":54}},"13":{"start":{"line":82,"column":8},"end":{"line":82,"column":56}},"14":{"start":{"line":84,"column":8},"end":{"line":84,"column":2914}},"15":{"start":{"line":85,"column":12},"end":{"line":85,"column":55}},"16":{"start":{"line":87,"column":8},"end":{"line":87,"column":23}},"17":{"start":{"line":95,"column":8},"end":{"line":95,"column":3341}},"18":{"start":{"line":100,"column":8},"end":{"line":100,"column":42}},"19":{"start":{"line":102,"column":8},"end":{"line":102,"column":39}},"20":{"start":{"line":103,"column":8},"end":{"line":103,"column":60}},"21":{"start":{"line":107,"column":8},"end":{"line":107,"column":39}},"22":{"start":{"line":111,"column":8},"end":{"line":111,"column":38}},"23":{"start":{"line":115,"column":8},"end":{"line":115,"column":39}},"24":{"start":{"line":119,"column":8},"end":{"line":119,"column":4068}},"25":{"start":{"line":120,"column":12},"end":{"line":120,"column":4138}},"26":{"start":{"line":121,"column":16},"end":{"line":121,"column":27}},"27":{"start":{"line":125,"column":8},"end":{"line":125,"column":20}},"28":{"start":{"line":130,"column":8},"end":{"line":130,"column":4425}},"29":{"start":{"line":131,"column":12},"end":{"line":131,"column":4495}},"30":{"start":{"line":132,"column":16},"end":{"line":132,"column":65}},"31":{"start":{"line":135,"column":8},"end":{"line":135,"column":60}},"32":{"start":{"line":138,"column":8},"end":{"line":138,"column":4830}},"33":{"start":{"line":139,"column":12},"end":{"line":139,"column":52}},"34":{"start":{"line":141,"column":8},"end":{"line":141,"column":32}},"35":{"start":{"line":146,"column":8},"end":{"line":146,"column":5075}},"36":{"start":{"line":151,"column":8},"end":{"line":151,"column":5292}},"37":{"start":{"line":152,"column":12},"end":{"line":152,"column":5362}},"38":{"start":{"line":153,"column":16},"end":{"line":153,"column":73}},"39":{"start":{"line":154,"column":16},"end":{"line":154,"column":34}},"40":{"start":{"line":157,"column":16},"end":{"line":157,"column":5679}},"41":{"start":{"line":158,"column":20},"end":{"line":158,"column":62}},"42":{"start":{"line":160,"column":16},"end":{"line":160,"column":40}},"43":{"start":{"line":161,"column":16},"end":{"line":161,"column":22}},"44":{"start":{"line":164,"column":8},"end":{"line":164,"column":62}},"45":{"start":{"line":168,"column":8},"end":{"line":168,"column":5999}},"46":{"start":{"line":169,"column":12},"end":{"line":169,"column":6037}},"47":{"start":{"line":174,"column":12},"end":{"line":174,"column":6204}},"48":{"start":{"line":183,"column":8},"end":{"line":183,"column":32}},"49":{"start":{"line":192,"column":8},"end":{"line":192,"column":74}},"50":{"start":{"line":193,"column":8},"end":{"line":193,"column":33}}},"branchMap":{"1":{"line":51,"type":"if","locations":[{"start":{"line":51,"column":8},"end":{"line":51,"column":8}},{"start":{"line":51,"column":8},"end":{"line":51,"column":8}}]},"2":{"line":64,"type":"if","locations":[{"start":{"line":64,"column":8},"end":{"line":64,"column":8}},{"start":{"line":64,"column":8},"end":{"line":64,"column":8}}]},"3":{"line":95,"type":"if","locations":[{"start":{"line":95,"column":8},"end":{"line":95,"column":8}},{"start":{"line":95,"column":8},"end":{"line":95,"column":8}}]},"4":{"line":120,"type":"if","locations":[{"start":{"line":120,"column":12},"end":{"line":120,"column":12}},{"start":{"line":120,"column":12},"end":{"line":120,"column":12}}]},"5":{"line":131,"type":"if","locations":[{"start":{"line":131,"column":12},"end":{"line":131,"column":12}},{"start":{"line":131,"column":12},"end":{"line":131,"column":12}}]},"6":{"line":146,"type":"if","locations":[{"start":{"line":146,"column":8},"end":{"line":146,"column":8}},{"start":{"line":146,"column":8},"end":{"line":146,"column":8}}]},"7":{"line":152,"type":"if","locations":[{"start":{"line":152,"column":12},"end":{"line":152,"column":12}},{"start":{"line":152,"column":12},"end":{"line":152,"column":12}}]},"8":{"line":168,"type":"if","locations":[{"start":{"line":168,"column":8},"end":{"line":168,"column":8}},{"start":{"line":168,"column":8},"end":{"line":168,"column":8}}]},"9":{"line":169,"type":"if","locations":[{"start":{"line":169,"column":12},"end":{"line":169,"column":12}},{"start":{"line":169,"column":12},"end":{"line":169,"column":12}}]},"10":{"line":174,"type":"if","locations":[{"start":{"line":174,"column":12},"end":{"line":174,"column":12}},{"start":{"line":174,"column":12},"end":{"line":174,"column":12}}]},"11":{"line":192,"type":"if","locations":[{"start":{"line":192,"column":8},"end":{"line":192,"column":8}},{"start":{"line":192,"column":8},"end":{"line":192,"column":8}}]}}},"contracts\\RoleObserver.sol":{"l":{"25":11,"29":10,"33":58,"37":54,"41":6,"42":5,"47":4,"56":2,"60":1,"61":1,"62":1,"64":1,"68":1,"76":2,"77":10,"78":2,"79":2,"80":2,"89":7,"90":29,"94":3,"98":3},"path":"C:\\Users\\danyr\\Desktop\\xMusic\\contracts\\smart-contracts\\contracts\\RoleObserver.sol","s":{"1":11,"2":58,"3":6,"4":5,"5":1,"6":2,"7":1,"8":1,"9":1,"10":1,"11":1,"12":2,"13":10,"14":2,"15":2,"16":2,"17":7,"18":29,"19":3,"20":3},"b":{"1":[10,1],"2":[54,4],"3":[5,1],"4":[4,1],"5":[1,1],"6":[2,8]},"f":{"1":11,"2":58,"3":6,"4":2,"5":1,"6":2,"7":7,"8":3,"9":3},"fnMap":{"1":{"name":"onlyRoleManager","line":24,"loc":{"start":{"line":24,"column":4},"end":{"line":30,"column":4}}},"2":{"name":"onlyAdmin","line":32,"loc":{"start":{"line":32,"column":4},"end":{"line":38,"column":4}}},"3":{"name":"onlyOnce","line":40,"loc":{"start":{"line":40,"column":4},"end":{"line":48,"column":4}}},"4":{"name":"addNewRoleManager","line":54,"loc":{"start":{"line":52,"column":4},"end":{"line":65,"column":4}}},"5":{"name":"addRole","line":67,"loc":{"start":{"line":67,"column":4},"end":{"line":69,"column":4}}},"6":{"name":"deleteRole","line":74,"loc":{"start":{"line":71,"column":4},"end":{"line":83,"column":4}}},"7":{"name":"setRoles","line":87,"loc":{"start":{"line":85,"column":4},"end":{"line":91,"column":4}}},"8":{"name":"pause","line":93,"loc":{"start":{"line":93,"column":4},"end":{"line":95,"column":4}}},"9":{"name":"unpause","line":97,"loc":{"start":{"line":97,"column":4},"end":{"line":99,"column":4}}}},"statementMap":{"1":{"start":{"line":25,"column":8},"end":{"line":25,"column":748}},"2":{"start":{"line":33,"column":8},"end":{"line":33,"column":942}},"3":{"start":{"line":41,"column":8},"end":{"line":41,"column":1198}},"4":{"start":{"line":42,"column":12},"end":{"line":42,"column":1173}},"5":{"start":{"line":46,"column":13},"end":{"line":46,"column":77}},"6":{"start":{"line":56,"column":8},"end":{"line":56,"column":1596}},"7":{"start":{"line":60,"column":8},"end":{"line":60,"column":49}},"8":{"start":{"line":61,"column":8},"end":{"line":61,"column":55}},"9":{"start":{"line":62,"column":8},"end":{"line":62,"column":56}},"10":{"start":{"line":64,"column":8},"end":{"line":64,"column":53}},"11":{"start":{"line":68,"column":8},"end":{"line":68,"column":64}},"12":{"start":{"line":76,"column":8},"end":{"line":76,"column":2259}},"13":{"start":{"line":77,"column":12},"end":{"line":77,"column":2329}},"14":{"start":{"line":78,"column":16},"end":{"line":78,"column":73}},"15":{"start":{"line":79,"column":16},"end":{"line":79,"column":34}},"16":{"start":{"line":80,"column":16},"end":{"line":80,"column":22}},"17":{"start":{"line":89,"column":8},"end":{"line":89,"column":2770}},"18":{"start":{"line":90,"column":12},"end":{"line":90,"column":49}},"19":{"start":{"line":94,"column":8},"end":{"line":94,"column":21}},"20":{"start":{"line":98,"column":8},"end":{"line":98,"column":23}}},"branchMap":{"1":{"line":25,"type":"if","locations":[{"start":{"line":25,"column":8},"end":{"line":25,"column":8}},{"start":{"line":25,"column":8},"end":{"line":25,"column":8}}]},"2":{"line":33,"type":"if","locations":[{"start":{"line":33,"column":8},"end":{"line":33,"column":8}},{"start":{"line":33,"column":8},"end":{"line":33,"column":8}}]},"3":{"line":41,"type":"if","locations":[{"start":{"line":41,"column":8},"end":{"line":41,"column":8}},{"start":{"line":41,"column":8},"end":{"line":41,"column":8}}]},"4":{"line":42,"type":"if","locations":[{"start":{"line":42,"column":12},"end":{"line":42,"column":12}},{"start":{"line":42,"column":12},"end":{"line":42,"column":12}}]},"5":{"line":56,"type":"if","locations":[{"start":{"line":56,"column":8},"end":{"line":56,"column":8}},{"start":{"line":56,"column":8},"end":{"line":56,"column":8}}]},"6":{"line":77,"type":"if","locations":[{"start":{"line":77,"column":12},"end":{"line":77,"column":12}},{"start":{"line":77,"column":12},"end":{"line":77,"column":12}}]}}},"contracts\\UserManager.sol":{"l":{"35":19,"39":18,"40":18,"41":18,"49":4,"51":4,"54":4,"55":4,"56":4,"57":4,"61":4,"69":11,"80":26,"88":25,"89":34,"90":57,"103":24,"104":32,"105":53,"117":23,"118":31,"125":21,"127":21,"128":26,"130":26,"131":26,"133":26,"136":21,"138":21,"148":6,"156":5,"157":7,"158":12,"171":4,"172":5,"173":8,"185":3,"186":4,"193":2,"194":2,"196":2,"197":3,"198":4,"202":2,"206":3,"207":1,"209":3,"213":2,"214":2,"215":2,"216":3,"217":4,"221":2,"224":3,"225":1,"227":3,"230":2,"231":1,"234":2,"235":1,"239":2,"240":2,"241":3,"246":9,"250":8,"251":8,"252":8,"254":8,"258":5,"262":4,"263":4,"264":4,"266":4,"274":3,"285":2,"287":2,"289":2,"291":2,"292":5,"296":3,"299":2,"300":2},"path":"C:\\Users\\danyr\\Desktop\\xMusic\\contracts\\smart-contracts\\contracts\\UserManager.sol","s":{"1":19,"2":18,"3":18,"4":18,"5":4,"6":4,"7":4,"8":4,"9":4,"10":4,"11":4,"12":11,"13":26,"14":25,"15":34,"16":57,"17":24,"18":32,"19":53,"20":23,"21":31,"22":21,"23":21,"24":26,"25":26,"26":26,"27":26,"28":21,"29":21,"30":6,"31":5,"32":7,"33":12,"34":4,"35":5,"36":8,"37":3,"38":4,"39":2,"40":2,"41":3,"42":4,"43":2,"44":3,"45":1,"46":3,"47":2,"48":2,"49":3,"50":4,"51":2,"52":3,"53":1,"54":3,"55":2,"56":1,"57":2,"58":1,"59":2,"60":3,"61":9,"62":8,"63":8,"64":8,"65":8,"66":5,"67":4,"68":4,"69":4,"70":4,"71":3,"72":2,"73":2,"74":2,"75":5,"76":3,"77":2,"78":2},"b":{"1":[18,1],"2":[25,1],"3":[56,1],"4":[52,1],"5":[29,2],"6":[5,1],"7":[11,1],"8":[7,1],"9":[3,1],"10":[2,2],"11":[1,2],"12":[2,2],"13":[1,2],"14":[8,1],"15":[4,1],"16":[3,2]},"f":{"1":19,"2":4,"3":11,"4":26,"5":6,"6":9,"7":5,"8":3},"fnMap":{"1":{"name":"constructor","line":34,"loc":{"start":{"line":34,"column":4},"end":{"line":42,"column":4}}},"2":{"name":"initialize","line":44,"loc":{"start":{"line":44,"column":4},"end":{"line":62,"column":4}}},"3":{"name":"getRoles","line":68,"loc":{"start":{"line":68,"column":4},"end":{"line":70,"column":4}}},"4":{"name":"addUser","line":78,"loc":{"start":{"line":75,"column":4},"end":{"line":139,"column":4}}},"5":{"name":"updateUser","line":146,"loc":{"start":{"line":144,"column":4},"end":{"line":243,"column":4}}},"6":{"name":"banUser","line":245,"loc":{"start":{"line":245,"column":4},"end":{"line":255,"column":4}}},"7":{"name":"unbanUser","line":257,"loc":{"start":{"line":257,"column":4},"end":{"line":267,"column":4}}},"8":{"name":"deleteRole","line":273,"loc":{"start":{"line":273,"column":4},"end":{"line":302,"column":4}}}},"statementMap":{"1":{"start":{"line":35,"column":8},"end":{"line":35,"column":1254}},"2":{"start":{"line":39,"column":8},"end":{"line":39,"column":53}},"3":{"start":{"line":40,"column":8},"end":{"line":40,"column":59}},"4":{"start":{"line":41,"column":8},"end":{"line":41,"column":28}},"5":{"start":{"line":49,"column":8},"end":{"line":49,"column":56}},"6":{"start":{"line":51,"column":8},"end":{"line":51,"column":72}},"7":{"start":{"line":54,"column":8},"end":{"line":54,"column":2006}},"8":{"start":{"line":55,"column":12},"end":{"line":55,"column":50}},"9":{"start":{"line":56,"column":12},"end":{"line":56,"column":56}},"10":{"start":{"line":57,"column":12},"end":{"line":57,"column":51}},"11":{"start":{"line":61,"column":8},"end":{"line":61,"column":28}},"12":{"start":{"line":69,"column":8},"end":{"line":69,"column":38}},"13":{"start":{"line":80,"column":8},"end":{"line":80,"column":2944}},"14":{"start":{"line":88,"column":8},"end":{"line":88,"column":3253}},"15":{"start":{"line":89,"column":12},"end":{"line":89,"column":3319}},"16":{"start":{"line":90,"column":16},"end":{"line":90,"column":3389}},"17":{"start":{"line":103,"column":8},"end":{"line":103,"column":3936}},"18":{"start":{"line":104,"column":12},"end":{"line":104,"column":4002}},"19":{"start":{"line":105,"column":16},"end":{"line":105,"column":4072}},"20":{"start":{"line":117,"column":8},"end":{"line":117,"column":4528}},"21":{"start":{"line":118,"column":12},"end":{"line":118,"column":4594}},"22":{"start":{"line":125,"column":8},"end":{"line":125,"column":48}},"23":{"start":{"line":127,"column":8},"end":{"line":127,"column":4872}},"24":{"start":{"line":128,"column":12},"end":{"line":128,"column":76}},"25":{"start":{"line":130,"column":12},"end":{"line":130,"column":56}},"26":{"start":{"line":131,"column":12},"end":{"line":131,"column":57}},"27":{"start":{"line":133,"column":12},"end":{"line":133,"column":56}},"28":{"start":{"line":136,"column":8},"end":{"line":136,"column":40}},"29":{"start":{"line":138,"column":8},"end":{"line":138,"column":14}},"30":{"start":{"line":148,"column":8},"end":{"line":148,"column":5480}},"31":{"start":{"line":156,"column":8},"end":{"line":156,"column":5805}},"32":{"start":{"line":157,"column":12},"end":{"line":157,"column":5870}},"33":{"start":{"line":158,"column":16},"end":{"line":158,"column":5939}},"34":{"start":{"line":171,"column":8},"end":{"line":171,"column":6484}},"35":{"start":{"line":172,"column":12},"end":{"line":172,"column":6549}},"36":{"start":{"line":173,"column":16},"end":{"line":173,"column":6618}},"37":{"start":{"line":185,"column":8},"end":{"line":185,"column":7072}},"38":{"start":{"line":186,"column":12},"end":{"line":186,"column":7137}},"39":{"start":{"line":194,"column":8},"end":{"line":194,"column":17}},"40":{"start":{"line":196,"column":8},"end":{"line":196,"column":7493}},"41":{"start":{"line":197,"column":12},"end":{"line":197,"column":7558}},"42":{"start":{"line":198,"column":16},"end":{"line":198,"column":7639}},"43":{"start":{"line":202,"column":20},"end":{"line":202,"column":30}},"44":{"start":{"line":206,"column":12},"end":{"line":206,"column":7983}},"45":{"start":{"line":207,"column":16},"end":{"line":207,"column":40}},"46":{"start":{"line":209,"column":12},"end":{"line":209,"column":23}},"47":{"start":{"line":214,"column":8},"end":{"line":214,"column":19}},"48":{"start":{"line":215,"column":8},"end":{"line":215,"column":8264}},"49":{"start":{"line":216,"column":12},"end":{"line":216,"column":8341}},"50":{"start":{"line":217,"column":16},"end":{"line":217,"column":8410}},"51":{"start":{"line":221,"column":20},"end":{"line":221,"column":30}},"52":{"start":{"line":224,"column":12},"end":{"line":224,"column":8630}},"53":{"start":{"line":225,"column":16},"end":{"line":225,"column":53}},"54":{"start":{"line":227,"column":12},"end":{"line":227,"column":23}},"55":{"start":{"line":230,"column":8},"end":{"line":230,"column":8768}},"56":{"start":{"line":231,"column":12},"end":{"line":231,"column":70}},"57":{"start":{"line":234,"column":8},"end":{"line":234,"column":8912}},"58":{"start":{"line":235,"column":12},"end":{"line":235,"column":68}},"59":{"start":{"line":240,"column":8},"end":{"line":240,"column":9148}},"60":{"start":{"line":241,"column":12},"end":{"line":241,"column":49}},"61":{"start":{"line":246,"column":8},"end":{"line":246,"column":9356}},"62":{"start":{"line":250,"column":8},"end":{"line":250,"column":50}},"63":{"start":{"line":251,"column":8},"end":{"line":251,"column":52}},"64":{"start":{"line":252,"column":8},"end":{"line":252,"column":57}},"65":{"start":{"line":254,"column":8},"end":{"line":254,"column":38}},"66":{"start":{"line":258,"column":8},"end":{"line":258,"column":9800}},"67":{"start":{"line":262,"column":8},"end":{"line":262,"column":53}},"68":{"start":{"line":263,"column":8},"end":{"line":263,"column":49}},"69":{"start":{"line":264,"column":8},"end":{"line":264,"column":54}},"70":{"start":{"line":266,"column":8},"end":{"line":266,"column":40}},"71":{"start":{"line":274,"column":8},"end":{"line":274,"column":33}},"72":{"start":{"line":285,"column":8},"end":{"line":285,"column":72}},"73":{"start":{"line":287,"column":8},"end":{"line":287,"column":11203}},"74":{"start":{"line":291,"column":12},"end":{"line":291,"column":11393}},"75":{"start":{"line":292,"column":16},"end":{"line":292,"column":11478}},"76":{"start":{"line":296,"column":20},"end":{"line":296,"column":63}},"77":{"start":{"line":299,"column":12},"end":{"line":299,"column":71}},"78":{"start":{"line":300,"column":12},"end":{"line":300,"column":48}}},"branchMap":{"1":{"line":35,"type":"if","locations":[{"start":{"line":35,"column":8},"end":{"line":35,"column":8}},{"start":{"line":35,"column":8},"end":{"line":35,"column":8}}]},"2":{"line":80,"type":"if","locations":[{"start":{"line":80,"column":8},"end":{"line":80,"column":8}},{"start":{"line":80,"column":8},"end":{"line":80,"column":8}}]},"3":{"line":90,"type":"if","locations":[{"start":{"line":90,"column":16},"end":{"line":90,"column":16}},{"start":{"line":90,"column":16},"end":{"line":90,"column":16}}]},"4":{"line":105,"type":"if","locations":[{"start":{"line":105,"column":16},"end":{"line":105,"column":16}},{"start":{"line":105,"column":16},"end":{"line":105,"column":16}}]},"5":{"line":118,"type":"if","locations":[{"start":{"line":118,"column":12},"end":{"line":118,"column":12}},{"start":{"line":118,"column":12},"end":{"line":118,"column":12}}]},"6":{"line":148,"type":"if","locations":[{"start":{"line":148,"column":8},"end":{"line":148,"column":8}},{"start":{"line":148,"column":8},"end":{"line":148,"column":8}}]},"7":{"line":158,"type":"if","locations":[{"start":{"line":158,"column":16},"end":{"line":158,"column":16}},{"start":{"line":158,"column":16},"end":{"line":158,"column":16}}]},"8":{"line":173,"type":"if","locations":[{"start":{"line":173,"column":16},"end":{"line":173,"column":16}},{"start":{"line":173,"column":16},"end":{"line":173,"column":16}}]},"9":{"line":186,"type":"if","locations":[{"start":{"line":186,"column":12},"end":{"line":186,"column":12}},{"start":{"line":186,"column":12},"end":{"line":186,"column":12}}]},"10":{"line":198,"type":"if","locations":[{"start":{"line":198,"column":16},"end":{"line":198,"column":16}},{"start":{"line":198,"column":16},"end":{"line":198,"column":16}}]},"11":{"line":206,"type":"if","locations":[{"start":{"line":206,"column":12},"end":{"line":206,"column":12}},{"start":{"line":206,"column":12},"end":{"line":206,"column":12}}]},"12":{"line":217,"type":"if","locations":[{"start":{"line":217,"column":16},"end":{"line":217,"column":16}},{"start":{"line":217,"column":16},"end":{"line":217,"column":16}}]},"13":{"line":224,"type":"if","locations":[{"start":{"line":224,"column":12},"end":{"line":224,"column":12}},{"start":{"line":224,"column":12},"end":{"line":224,"column":12}}]},"14":{"line":246,"type":"if","locations":[{"start":{"line":246,"column":8},"end":{"line":246,"column":8}},{"start":{"line":246,"column":8},"end":{"line":246,"column":8}}]},"15":{"line":258,"type":"if","locations":[{"start":{"line":258,"column":8},"end":{"line":258,"column":8}},{"start":{"line":258,"column":8},"end":{"line":258,"column":8}}]},"16":{"line":292,"type":"if","locations":[{"start":{"line":292,"column":16},"end":{"line":292,"column":16}},{"start":{"line":292,"column":16},"end":{"line":292,"column":16}}]}}}}