TN:
SF:C:\Users\danyr\Desktop\xMusic\contracts\smart-contracts\contracts\RoleManager.sol
FN:29,constructor
FN:50,onlyAdmin
FN:63,onlyAdminAndSystem
FN:75,getAccountsByRole
FN:94,registerAsRoleObserver
FN:106,isSystem
FN:110,isAdmin
FN:114,isActive
FN:118,isRole
FN:129,addRole
FN:145,deleteRole
FN:167,grantRole
FN:190,revokeRole
FNF:13
FNH:13
FNDA:129,constructor
FNDA:10,onlyAdmin
FNDA:58,onlyAdminAndSystem
FNDA:36,getAccountsByRole
FNDA:32,registerAsRoleObserver
FNDA:6,isSystem
FNDA:64,isAdmin
FNDA:11,isActive
FNDA:7,isRole
FNDA:3,addRole
FNDA:4,deleteRole
FNDA:236,grantRole
FNDA:19,revokeRole
DA:36,129
DA:37,129
DA:38,129
DA:39,129
DA:41,129
DA:42,129
DA:43,129
DA:45,129
DA:51,10
DA:55,7
DA:64,58
DA:68,55
DA:78,36
DA:80,36
DA:82,36
DA:84,36
DA:85,41
DA:87,36
DA:95,32
DA:100,31
DA:102,31
DA:103,31
DA:107,6
DA:111,64
DA:115,11
DA:119,7
DA:120,30
DA:121,3
DA:125,4
DA:130,3
DA:131,11
DA:132,1
DA:135,2
DA:138,2
DA:139,1
DA:141,2
DA:146,4
DA:151,3
DA:152,14
DA:153,2
DA:154,2
DA:157,2
DA:158,2
DA:160,2
DA:161,2
DA:164,1
DA:168,236
DA:169,3
DA:174,233
DA:183,233
DA:192,19
DA:193,17
LF:52
LH:52
BRDA:51,1,0,7
BRDA:51,1,1,3
BRDA:64,2,0,55
BRDA:64,2,1,3
BRDA:95,3,0,31
BRDA:95,3,1,1
BRDA:120,4,0,3
BRDA:120,4,1,27
BRDA:131,5,0,1
BRDA:131,5,1,10
BRDA:146,6,0,3
BRDA:146,6,1,1
BRDA:152,7,0,2
BRDA:152,7,1,12
BRDA:168,8,0,3
BRDA:168,8,1,233
BRDA:169,9,0,1
BRDA:169,9,1,2
BRDA:174,10,0,232
BRDA:174,10,1,1
BRDA:192,11,0,17
BRDA:192,11,1,2
BRF:22
BRH:22
end_of_record
TN:
SF:C:\Users\danyr\Desktop\xMusic\contracts\smart-contracts\contracts\RoleObserver.sol
FN:24,onlyRoleManager
FN:32,onlyAdmin
FN:40,onlyOnce
FN:54,addNewRoleManager
FN:67,addRole
FN:74,deleteRole
FN:87,setRoles
FN:93,pause
FN:97,unpause
FNF:9
FNH:9
FNDA:35,onlyRoleManager
FNDA:60,onlyAdmin
FNDA:32,onlyOnce
FNDA:2,addNewRoleManager
FNDA:1,addRole
FNDA:2,deleteRole
FNDA:31,setRoles
FNDA:3,pause
FNDA:3,unpause
DA:25,35
DA:29,34
DA:33,60
DA:37,55
DA:41,32
DA:42,30
DA:47,28
DA:56,2
DA:60,1
DA:61,1
DA:62,1
DA:64,1
DA:68,1
DA:76,2
DA:77,10
DA:78,2
DA:79,2
DA:80,2
DA:89,31
DA:90,125
DA:94,3
DA:98,3
LF:22
LH:22
BRDA:25,1,0,34
BRDA:25,1,1,1
BRDA:33,2,0,55
BRDA:33,2,1,5
BRDA:41,3,0,30
BRDA:41,3,1,2
BRDA:42,4,0,28
BRDA:42,4,1,2
BRDA:56,5,0,1
BRDA:56,5,1,1
BRDA:77,6,0,2
BRDA:77,6,1,8
BRF:12
BRH:12
end_of_record
TN:
SF:C:\Users\danyr\Desktop\xMusic\contracts\smart-contracts\contracts\TokenFactory.sol
FN:10,constructor
FN:22,initialize
FN:44,mintShares
FNF:3
FNH:3
FNDA:4,constructor
FNDA:1,initialize
FNDA:1,mintShares
DA:11,4
DA:15,3
DA:16,3
DA:17,3
DA:27,1
DA:30,1
DA:45,1
DA:57,1
DA:69,1
DA:71,1
DA:73,1
DA:75,1
LF:12
LH:12
BRDA:11,1,0,3
BRDA:11,1,1,1
BRF:2
BRH:2
end_of_record
TN:
SF:C:\Users\danyr\Desktop\xMusic\contracts\smart-contracts\contracts\UserManager.sol
FN:34,constructor
FN:44,initialize
FN:68,getRoles
FN:78,addUser
FN:146,updateUser
FN:245,banUser
FN:257,unbanUser
FN:273,deleteRole
FNF:8
FNH:8
FNDA:94,constructor
FNDA:27,initialize
FNDA:11,getRoles
FNDA:26,addUser
FNDA:6,updateUser
FNDA:9,banUser
FNDA:5,unbanUser
FNDA:3,deleteRole
DA:35,94
DA:39,93
DA:40,93
DA:41,93
DA:49,27
DA:51,27
DA:54,27
DA:55,27
DA:56,27
DA:57,27
DA:61,27
DA:69,11
DA:80,26
DA:88,25
DA:89,34
DA:90,57
DA:103,24
DA:104,32
DA:105,53
DA:117,23
DA:118,31
DA:125,21
DA:127,21
DA:128,26
DA:130,26
DA:131,26
DA:133,26
DA:136,21
DA:138,21
DA:148,6
DA:156,5
DA:157,7
DA:158,12
DA:171,4
DA:172,5
DA:173,8
DA:185,3
DA:186,4
DA:193,2
DA:194,2
DA:196,2
DA:197,3
DA:198,4
DA:202,2
DA:206,3
DA:207,1
DA:209,3
DA:213,2
DA:214,2
DA:215,2
DA:216,3
DA:217,4
DA:221,2
DA:224,3
DA:225,1
DA:227,3
DA:230,2
DA:231,1
DA:234,2
DA:235,1
DA:239,2
DA:240,2
DA:241,3
DA:246,9
DA:250,8
DA:251,8
DA:252,8
DA:254,8
DA:258,5
DA:262,4
DA:263,4
DA:264,4
DA:266,4
DA:274,3
DA:285,2
DA:287,2
DA:289,2
DA:291,2
DA:292,5
DA:296,3
DA:299,2
DA:300,2
LF:82
LH:82
BRDA:35,1,0,93
BRDA:35,1,1,1
BRDA:80,2,0,25
BRDA:80,2,1,1
BRDA:90,3,0,56
BRDA:90,3,1,1
BRDA:105,4,0,52
BRDA:105,4,1,1
BRDA:118,5,0,29
BRDA:118,5,1,2
BRDA:148,6,0,5
BRDA:148,6,1,1
BRDA:158,7,0,11
BRDA:158,7,1,1
BRDA:173,8,0,7
BRDA:173,8,1,1
BRDA:186,9,0,3
BRDA:186,9,1,1
BRDA:198,10,0,2
BRDA:198,10,1,2
BRDA:206,11,0,1
BRDA:206,11,1,2
BRDA:217,12,0,2
BRDA:217,12,1,2
BRDA:224,13,0,1
BRDA:224,13,1,2
BRDA:246,14,0,8
BRDA:246,14,1,1
BRDA:258,15,0,4
BRDA:258,15,1,1
BRDA:292,16,0,3
BRDA:292,16,1,2
BRF:32
BRH:32
end_of_record
TN:
SF:C:\Users\danyr\Desktop\xMusic\contracts\smart-contracts\contracts\utils\ERC20SharesGenerator.sol
FN:16,onlyIfTokenDeposited
FN:26,constructor
FN:33,mint
FN:39,linkNFT
FN:43,getLinkedNFT
FN:47,getPrice
FN:53,onERC721Received
FNF:7
FNH:7
FNDA:3,onlyIfTokenDeposited
FNDA:4,constructor
FNDA:2,mint
FNDA:2,linkNFT
FNDA:1,getLinkedNFT
FNDA:1,getPrice
FNDA:4,onERC721Received
DA:17,3
DA:18,2
DA:27,4
DA:28,4
DA:35,2
DA:36,2
DA:40,2
DA:44,1
DA:48,1
DA:59,4
DA:60,4
LF:11
LH:11
BRDA:17,1,0,2
BRDA:17,1,1,1
BRF:2
BRH:2
end_of_record
TN:
SF:C:\Users\danyr\Desktop\xMusic\contracts\smart-contracts\contracts\utils\ERC721Generator.sol
FN:23,constructor
FN:33,getDescription
FN:37,getURI
FN:41,getArtist
FN:45,getLinkedERC20Contract
FNF:5
FNH:5
FNDA:7,constructor
FNDA:1,getDescription
FNDA:1,getURI
FNDA:1,getArtist
FNDA:1,getLinkedERC20Contract
DA:24,7
DA:25,7
DA:26,7
DA:27,7
DA:28,7
DA:29,7
DA:30,7
DA:34,1
DA:38,1
DA:42,1
DA:50,1
LF:11
LH:11
BRF:0
BRH:0
end_of_record
