TN:
SF:C:\Users\danyr\Desktop\xMusic\contracts\smart-contracts\contracts\RoleManager.sol
FN:31,constructor
FN:54,onlyAdmin
FN:67,onlyAdminAndSystem
FN:79,getAccountsByRole
FN:98,registerAsRoleObserver
FN:110,isSystem
FN:114,isAdmin
FN:118,isActive
FN:122,isRole
FN:133,addRole
FN:149,deleteRole
FN:171,grantRole
FN:194,revokeRole
FNF:13
FNH:13
FNDA:123,constructor
FNDA:10,onlyAdmin
FNDA:54,onlyAdminAndSystem
FNDA:33,getAccountsByRole
FNDA:29,registerAsRoleObserver
FNDA:6,isSystem
FNDA:57,isAdmin
FNDA:9,isActive
FNDA:7,isRole
FNDA:3,addRole
FNDA:4,deleteRole
FNDA:220,grantRole
FNDA:18,revokeRole
DA:38,123
DA:39,123
DA:40,123
DA:41,123
DA:43,123
DA:44,123
DA:45,123
DA:47,123
DA:49,123
DA:55,10
DA:59,7
DA:68,54
DA:72,51
DA:82,33
DA:84,33
DA:86,33
DA:88,33
DA:89,38
DA:91,33
DA:99,29
DA:104,28
DA:106,28
DA:107,28
DA:111,6
DA:115,57
DA:119,9
DA:123,7
DA:124,30
DA:125,3
DA:129,4
DA:134,3
DA:135,11
DA:136,1
DA:139,2
DA:142,2
DA:143,1
DA:145,2
DA:150,4
DA:155,3
DA:156,14
DA:157,2
DA:158,2
DA:161,2
DA:162,2
DA:164,2
DA:165,2
DA:168,1
DA:172,220
DA:173,5
DA:178,215
DA:187,217
DA:196,18
DA:197,4
DA:202,16
LF:54
LH:54
BRDA:55,1,0,7
BRDA:55,1,1,3
BRDA:68,2,0,51
BRDA:68,2,1,3
BRDA:99,3,0,28
BRDA:99,3,1,1
BRDA:124,4,0,3
BRDA:124,4,1,27
BRDA:135,5,0,1
BRDA:135,5,1,10
BRDA:150,6,0,3
BRDA:150,6,1,1
BRDA:156,7,0,2
BRDA:156,7,1,12
BRDA:172,8,0,5
BRDA:172,8,1,215
BRDA:173,9,0,3
BRDA:173,9,1,2
BRDA:178,10,0,214
BRDA:178,10,1,1
BRDA:196,11,0,4
BRDA:196,11,1,14
BRDA:197,12,0,2
BRDA:197,12,1,2
BRF:24
BRH:24
end_of_record
TN:
SF:C:\Users\danyr\Desktop\xMusic\contracts\smart-contracts\contracts\RoleObserver.sol
FN:22,onlyRoleManager
FN:27,onlyAdmin
FN:32,onlyOnce
FN:39,addNewRoleManager
FN:47,addRole
FN:54,deleteRole
FN:67,setRoles
FNF:7
FNH:7
FNDA:32,onlyRoleManager
FNDA:46,onlyAdmin
FNDA:27,onlyOnce
FNDA:2,addNewRoleManager
FNDA:1,addRole
FNDA:2,deleteRole
FNDA:28,setRoles
DA:23,32
DA:24,31
DA:28,46
DA:29,42
DA:33,27
DA:34,25
DA:41,2
DA:42,1
DA:43,1
DA:44,1
DA:48,1
DA:56,2
DA:57,10
DA:58,2
DA:59,2
DA:60,2
DA:69,28
DA:70,113
LF:18
LH:18
BRDA:23,1,0,31
BRDA:23,1,1,1
BRDA:28,2,0,42
BRDA:28,2,1,4
BRDA:33,3,0,25
BRDA:33,3,1,2
BRDA:41,4,0,1
BRDA:41,4,1,1
BRDA:57,5,0,2
BRDA:57,5,1,8
BRF:10
BRH:10
end_of_record
TN:
SF:C:\Users\danyr\Desktop\xMusic\contracts\smart-contracts\contracts\RoyaltiesManager.sol
FN:8,constructor
FN:15,initialize
FN:30,distributeRoyalties
FNF:3
FNH:2
FNDA:3,constructor
FNDA:1,initialize
FNDA:0,distributeRoyalties
DA:9,3
DA:10,3
DA:11,3
DA:12,3
DA:20,1
DA:23,1
DA:31,0
DA:35,0
DA:36,0
DA:39,0
DA:45,0
DA:46,0
DA:52,0
DA:58,0
DA:63,0
DA:64,0
DA:65,0
DA:67,0
LF:18
LH:6
BRDA:9,1,0,3
BRDA:9,1,1,0
BRDA:39,2,0,0
BRDA:39,2,1,0
BRDA:46,3,0,0
BRDA:46,3,1,0
BRDA:58,4,0,0
BRDA:58,4,1,0
BRF:8
BRH:1
end_of_record
TN:
SF:C:\Users\danyr\Desktop\xMusic\contracts\smart-contracts\contracts\TokenFactory.sol
FN:12,constructor
FN:18,onlyAdmin
FN:31,mintShares
FNF:3
FNH:3
FNDA:7,constructor
FNDA:3,onlyAdmin
FNDA:2,mintShares
DA:13,7
DA:14,6
DA:15,6
DA:19,3
DA:20,2
DA:32,2
DA:38,2
DA:47,2
LF:8
LH:8
BRDA:13,1,0,6
BRDA:13,1,1,1
BRDA:19,2,0,2
BRDA:19,2,1,1
BRF:4
BRH:4
end_of_record
TN:
SF:C:\Users\danyr\Desktop\xMusic\contracts\smart-contracts\contracts\TokenShop.sol
FN:7,buyTokens
FNF:1
FNH:0
FNDA:0,buyTokens
DA:11,0
DA:16,0
DA:22,0
DA:26,0
DA:35,0
DA:45,0
LF:6
LH:0
BRDA:16,1,0,0
BRDA:16,1,1,0
BRDA:26,2,0,0
BRDA:26,2,1,0
BRDA:35,3,0,0
BRDA:35,3,1,0
BRF:6
BRH:0
end_of_record
TN:
SF:C:\Users\danyr\Desktop\xMusic\contracts\smart-contracts\contracts\UserManager.sol
FN:33,constructor
FN:43,initialize
FN:67,getRoles
FN:76,addUser
FN:144,updateUser
FN:243,banUser
FN:255,unbanUser
FN:271,deleteRole
FNF:8
FNH:8
FNDA:85,constructor
FNDA:24,initialize
FNDA:9,getRoles
FNDA:23,addUser
FNDA:6,updateUser
FNDA:7,banUser
FNDA:4,unbanUser
FNDA:3,deleteRole
DA:34,85
DA:38,84
DA:39,84
DA:40,84
DA:48,24
DA:50,24
DA:53,24
DA:54,24
DA:55,24
DA:56,24
DA:60,24
DA:68,9
DA:78,23
DA:86,22
DA:87,31
DA:88,54
DA:101,21
DA:102,29
DA:103,50
DA:115,20
DA:116,28
DA:123,18
DA:125,18
DA:126,23
DA:128,23
DA:129,23
DA:131,23
DA:134,18
DA:136,18
DA:146,6
DA:154,5
DA:155,7
DA:156,12
DA:169,4
DA:170,5
DA:171,8
DA:183,3
DA:184,4
DA:191,2
DA:192,2
DA:194,2
DA:195,3
DA:196,4
DA:200,2
DA:204,3
DA:205,1
DA:207,3
DA:211,2
DA:212,2
DA:213,2
DA:214,3
DA:215,4
DA:219,2
DA:222,3
DA:223,1
DA:225,3
DA:228,2
DA:229,1
DA:232,2
DA:233,1
DA:237,2
DA:238,2
DA:239,3
DA:244,7
DA:248,6
DA:249,6
DA:250,6
DA:252,6
DA:256,4
DA:260,3
DA:261,3
DA:262,3
DA:264,3
DA:272,3
DA:283,2
DA:285,2
DA:287,2
DA:289,2
DA:290,5
DA:294,3
DA:297,2
DA:298,2
LF:82
LH:82
BRDA:34,1,0,84
BRDA:34,1,1,1
BRDA:78,2,0,22
BRDA:78,2,1,1
BRDA:88,3,0,53
BRDA:88,3,1,1
BRDA:103,4,0,49
BRDA:103,4,1,1
BRDA:116,5,0,26
BRDA:116,5,1,2
BRDA:146,6,0,5
BRDA:146,6,1,1
BRDA:156,7,0,11
BRDA:156,7,1,1
BRDA:171,8,0,7
BRDA:171,8,1,1
BRDA:184,9,0,3
BRDA:184,9,1,1
BRDA:196,10,0,2
BRDA:196,10,1,2
BRDA:204,11,0,1
BRDA:204,11,1,2
BRDA:215,12,0,2
BRDA:215,12,1,2
BRDA:222,13,0,1
BRDA:222,13,1,2
BRDA:244,14,0,6
BRDA:244,14,1,1
BRDA:256,15,0,3
BRDA:256,15,1,1
BRDA:290,16,0,3
BRDA:290,16,1,2
BRF:32
BRH:32
end_of_record
TN:
SF:C:\Users\danyr\Desktop\xMusic\contracts\smart-contracts\contracts\utils\ERC20SharesGenerator.sol
FN:13,onlyIfTokenDeposited
FN:22,constructor
FN:30,mint
FN:39,onERC721Received
FNF:4
FNH:4
FNDA:4,onlyIfTokenDeposited
FNDA:5,constructor
FNDA:3,mint
FNDA:5,onERC721Received
DA:14,4
DA:15,3
DA:23,5
DA:31,3
DA:32,3
DA:33,3
DA:34,3
DA:45,5
DA:46,5
LF:9
LH:9
BRDA:14,1,0,3
BRDA:14,1,1,1
BRF:2
BRH:2
end_of_record
TN:
SF:C:\Users\danyr\Desktop\xMusic\contracts\smart-contracts\contracts\utils\ERC721Generator.sol
FN:19,constructor
FNF:1
FNH:1
FNDA:8,constructor
DA:20,8
DA:21,8
DA:22,8
DA:23,8
LF:4
LH:4
BRF:0
BRH:0
end_of_record
